2025-03-27 08:31:25,870 - INFO - Application started.
2025-03-27 08:31:25,916 - INFO - Starting the experiment...
2025-03-27 08:31:25,937 - INFO - Starting replication 1/10
2025-03-27 08:31:33,761 - INFO - Starting replication 2/10
2025-03-27 08:31:34,109 - INFO - Starting replication 3/10
2025-03-27 08:31:34,290 - INFO - Starting replication 4/10
2025-03-27 08:31:34,515 - INFO - Starting replication 5/10
2025-03-27 08:31:34,622 - INFO - Starting replication 6/10
2025-03-27 08:31:34,732 - INFO - Starting replication 7/10
2025-03-27 08:31:34,880 - INFO - Starting replication 8/10
2025-03-27 08:31:35,017 - INFO - Starting replication 9/10
2025-03-27 08:31:35,112 - INFO - Starting replication 10/10
2025-03-27 08:31:35,249 - INFO - Experiment completed successfully.
2025-03-27 08:31:35,249 - INFO - Generating plots for the experiment results...
2025-03-27 08:31:37,426 - INFO - Plots generated successfully.
2025-03-27 08:31:37,426 - INFO - Application finished successfully.
2025-03-27 08:36:26,288 - INFO - Application started.
2025-03-27 08:36:26,303 - INFO - Starting the experiment...
2025-03-27 08:36:26,315 - INFO - Starting replication 1/10
2025-03-27 08:36:30,220 - INFO - Starting replication 2/10
2025-03-27 08:36:30,296 - INFO - Starting replication 3/10
2025-03-27 08:36:30,368 - INFO - Starting replication 4/10
2025-03-27 08:36:30,423 - INFO - Starting replication 5/10
2025-03-27 08:36:30,486 - INFO - Starting replication 6/10
2025-03-27 08:36:30,555 - INFO - Starting replication 7/10
2025-03-27 08:36:30,618 - INFO - Starting replication 8/10
2025-03-27 08:36:30,686 - INFO - Starting replication 9/10
2025-03-27 08:36:30,764 - INFO - Starting replication 10/10
2025-03-27 08:36:30,893 - INFO - Experiment completed successfully.
2025-03-27 08:36:30,893 - INFO - Generating plots for the experiment results...
2025-03-27 08:36:31,989 - INFO - Plots generated successfully.
2025-03-27 08:36:31,989 - INFO - Application finished successfully.
2025-03-27 09:30:09,726 - INFO - Application started.
2025-03-27 09:30:09,742 - INFO - Starting the experiment...
2025-03-27 09:30:09,754 - INFO - Starting replication 1/10
2025-03-27 09:30:13,558 - INFO - Starting replication 2/10
2025-03-27 09:30:13,623 - INFO - Starting replication 3/10
2025-03-27 09:30:13,686 - INFO - Starting replication 4/10
2025-03-27 09:30:13,739 - INFO - Starting replication 5/10
2025-03-27 09:30:13,803 - INFO - Starting replication 6/10
2025-03-27 09:30:13,857 - INFO - Starting replication 7/10
2025-03-27 09:30:13,921 - INFO - Starting replication 8/10
2025-03-27 09:30:13,987 - INFO - Starting replication 9/10
2025-03-27 09:30:14,048 - INFO - Starting replication 10/10
2025-03-27 09:30:14,150 - INFO - Experiment completed successfully.
2025-03-27 09:30:14,151 - INFO - Generating plots for the experiment results...
2025-03-27 09:30:15,257 - INFO - Plots generated successfully.
2025-03-27 09:30:15,257 - INFO - Application finished successfully.
2025-04-04 17:48:55,821 - INFO - Application started.
2025-04-04 17:48:55,863 - INFO - Starting the experiment...
2025-04-04 17:48:55,875 - INFO - Starting replication 1/10
2025-04-04 17:48:59,757 - INFO - Starting replication 2/10
2025-04-04 17:48:59,821 - INFO - Starting replication 3/10
2025-04-04 17:48:59,889 - INFO - Starting replication 4/10
2025-04-04 17:48:59,952 - INFO - Starting replication 5/10
2025-04-04 17:49:00,017 - INFO - Starting replication 6/10
2025-04-04 17:49:00,071 - INFO - Starting replication 7/10
2025-04-04 17:49:00,133 - INFO - Starting replication 8/10
2025-04-04 17:49:00,184 - INFO - Starting replication 9/10
2025-04-04 17:49:00,235 - INFO - Starting replication 10/10
2025-04-04 17:49:00,348 - INFO - Experiment completed successfully.
2025-04-04 17:49:00,348 - INFO - Generating plots for the experiment results...
2025-04-04 17:49:01,650 - INFO - Plots generated successfully.
2025-04-04 17:49:01,650 - INFO - Application finished successfully.
2025-04-04 18:03:00,843 - INFO - Application started.
2025-04-04 18:03:00,858 - INFO - Starting the experiment...
2025-04-04 18:03:00,870 - INFO - Starting replication 1/10
2025-04-04 18:03:20,077 - INFO - Starting replication 2/10
2025-04-04 18:03:36,206 - INFO - Starting replication 3/10
2025-04-04 18:03:52,324 - INFO - Starting replication 4/10
2025-04-04 18:04:08,036 - INFO - Starting replication 5/10
2025-04-04 18:04:23,504 - INFO - Starting replication 6/10
2025-04-04 18:04:39,650 - INFO - Starting replication 7/10
2025-04-04 18:04:55,506 - INFO - Starting replication 8/10
2025-04-04 18:05:10,941 - INFO - Starting replication 9/10
2025-04-04 18:05:27,328 - INFO - Starting replication 10/10
2025-04-04 18:05:43,773 - INFO - Experiment completed successfully.
2025-04-04 18:05:43,774 - INFO - Generating plots for the experiment results...
2025-04-04 18:05:45,129 - INFO - Plots generated successfully.
2025-04-04 18:05:45,129 - INFO - Application finished successfully.
2025-04-04 21:10:08,173 - INFO - Application started.
2025-04-04 21:10:08,211 - INFO - Starting the experiment...
2025-04-04 21:10:08,223 - INFO - Starting replication 1/10
2025-04-04 21:12:18,545 - INFO - Application started.
2025-04-04 21:12:18,560 - INFO - Starting the experiment...
2025-04-04 21:12:18,572 - INFO - Starting replication 1/10
2025-04-04 21:14:18,675 - INFO - Application started.
2025-04-04 21:14:18,690 - INFO - Starting the experiment...
2025-04-04 21:14:18,702 - INFO - Starting replication 1/10
2025-04-04 21:18:12,526 - INFO - Application started.
2025-04-04 21:18:12,540 - INFO - Starting the experiment...
2025-04-04 21:18:12,552 - INFO - Starting replication 1/10
2025-04-04 21:23:12,919 - INFO - Application started.
2025-04-04 21:23:12,934 - INFO - Starting the experiment...
2025-04-04 21:23:12,946 - INFO - Starting replication 1/10
2025-04-04 21:31:42,033 - INFO - Application started.
2025-04-04 21:31:42,048 - INFO - Starting the experiment...
2025-04-04 21:31:42,060 - INFO - Starting replication 1/10
2025-04-04 21:32:02,576 - INFO - Starting replication 2/10
2025-04-04 21:32:22,488 - INFO - Starting replication 3/10
2025-04-04 21:32:40,816 - INFO - Starting replication 4/10
2025-04-04 21:32:58,983 - INFO - Starting replication 5/10
2025-04-04 21:43:11,709 - INFO - Application started.
2025-04-04 21:43:11,725 - INFO - Starting the experiment...
2025-04-04 21:43:11,737 - INFO - Starting replication 1/10
2025-04-04 21:43:30,882 - INFO - Starting replication 2/10
2025-04-04 21:43:46,517 - INFO - Starting replication 3/10
2025-04-04 21:44:02,523 - INFO - Starting replication 4/10
2025-04-04 21:44:18,269 - INFO - Starting replication 5/10
2025-04-04 21:44:34,619 - INFO - Starting replication 6/10
2025-04-04 21:44:51,536 - INFO - Starting replication 7/10
2025-04-04 21:45:07,617 - INFO - Starting replication 8/10
2025-04-04 21:45:23,806 - INFO - Starting replication 9/10
2025-04-04 21:45:39,809 - INFO - Starting replication 10/10
2025-04-04 21:45:55,865 - INFO - Experiment completed successfully.
2025-04-04 21:45:55,865 - INFO - Generating plots for the experiment results...
2025-04-04 21:45:57,365 - INFO - Plots generated successfully.
2025-04-04 21:45:57,365 - INFO - Application finished successfully.
2025-04-04 21:53:16,262 - INFO - Application started.
2025-04-04 21:53:16,277 - INFO - Starting the experiment...
2025-04-04 21:53:16,288 - INFO - Starting replication 1/10
2025-04-04 21:53:35,754 - INFO - Starting replication 2/10
2025-04-04 21:53:51,408 - INFO - Starting replication 3/10
2025-04-04 21:54:07,243 - INFO - Starting replication 4/10
2025-04-04 21:54:23,880 - INFO - Starting replication 5/10
2025-04-04 21:54:39,839 - INFO - Starting replication 6/10
2025-04-04 21:54:55,529 - INFO - Starting replication 7/10
2025-04-04 21:55:11,782 - INFO - Starting replication 8/10
2025-04-04 21:55:27,463 - INFO - Starting replication 9/10
2025-04-04 21:55:42,956 - INFO - Starting replication 10/10
2025-04-04 21:55:58,856 - INFO - Experiment completed successfully.
2025-04-04 21:55:58,856 - INFO - Generating plots for the experiment results...
2025-04-04 21:56:00,275 - INFO - Plots generated successfully.
2025-04-04 21:56:00,275 - INFO - Application finished successfully.
2025-04-06 13:03:33,905 - INFO - Application started.
2025-04-06 13:03:33,950 - INFO - Starting the experiment...
2025-04-06 13:03:33,962 - INFO - Starting replication 1/10
2025-04-06 13:03:54,155 - INFO - Starting replication 2/10
2025-04-06 13:04:11,331 - INFO - Starting replication 3/10
2025-04-06 13:04:27,230 - INFO - Starting replication 4/10
2025-04-06 13:04:42,923 - INFO - Starting replication 5/10
2025-04-06 13:04:58,544 - INFO - Starting replication 6/10
2025-04-06 13:05:14,060 - INFO - Starting replication 7/10
2025-04-06 13:05:29,752 - INFO - Starting replication 8/10
2025-04-06 13:05:45,326 - INFO - Starting replication 9/10
2025-04-06 13:06:02,282 - INFO - Starting replication 10/10
2025-04-06 13:06:18,151 - INFO - Experiment completed successfully.
2025-04-06 13:06:18,152 - INFO - Generating plots for the experiment results...
2025-04-06 13:12:00,632 - INFO - Application started.
2025-04-06 13:12:00,647 - INFO - Starting the experiment...
2025-04-06 13:12:00,658 - INFO - Starting replication 1/10
2025-04-06 13:12:23,725 - INFO - Starting replication 2/10
2025-04-06 13:12:39,083 - INFO - Starting replication 3/10
2025-04-06 13:12:54,791 - INFO - Starting replication 4/10
2025-04-06 13:13:11,808 - INFO - Starting replication 5/10
2025-04-06 13:13:27,964 - INFO - Starting replication 6/10
2025-04-06 13:13:43,431 - INFO - Starting replication 7/10
2025-04-06 13:13:59,485 - INFO - Starting replication 8/10
2025-04-06 13:14:15,852 - INFO - Starting replication 9/10
2025-04-06 13:14:32,077 - INFO - Starting replication 10/10
2025-04-06 13:14:47,457 - INFO - Experiment completed successfully.
2025-04-06 13:14:47,457 - INFO - Generating plots for the experiment results...
2025-04-06 13:14:48,926 - INFO - Plots generated successfully.
2025-04-06 13:14:48,926 - INFO - Application finished successfully.
2025-04-06 13:25:08,603 - INFO - Application started.
2025-04-06 13:25:08,618 - INFO - Starting the experiment...
2025-04-06 13:25:08,630 - INFO - Starting replication 1/10
2025-04-06 13:25:29,959 - INFO - Starting replication 2/10
2025-04-06 13:25:47,621 - INFO - Starting replication 3/10
2025-04-06 13:26:05,292 - INFO - Starting replication 4/10
2025-04-06 13:26:21,699 - INFO - Starting replication 5/10
2025-04-06 13:26:38,309 - INFO - Starting replication 6/10
2025-04-06 13:26:55,178 - INFO - Starting replication 7/10
2025-04-06 13:27:11,671 - INFO - Starting replication 8/10
2025-04-06 13:27:28,725 - INFO - Starting replication 9/10
2025-04-06 13:27:45,794 - INFO - Starting replication 10/10
2025-04-06 13:28:03,703 - INFO - Experiment completed successfully.
2025-04-06 13:28:03,703 - INFO - Generating plots for the experiment results...
2025-04-06 13:28:05,550 - INFO - Plots generated successfully.
2025-04-06 13:28:05,551 - INFO - Application finished successfully.
2025-04-06 13:29:35,985 - INFO - Application started.
2025-04-06 13:29:36,023 - INFO - Starting the experiment...
2025-04-06 13:29:36,035 - INFO - Starting replication 1/10
2025-04-06 13:29:56,042 - INFO - Starting replication 2/10
2025-04-06 13:30:12,851 - INFO - Starting replication 3/10
2025-04-06 13:30:28,733 - INFO - Starting replication 4/10
2025-04-06 13:30:45,713 - INFO - Starting replication 5/10
2025-04-06 13:31:01,237 - INFO - Starting replication 6/10
2025-04-06 13:31:17,016 - INFO - Starting replication 7/10
2025-04-06 13:31:32,697 - INFO - Starting replication 8/10
2025-04-06 13:31:48,586 - INFO - Starting replication 9/10
2025-04-06 13:32:04,921 - INFO - Starting replication 10/10
2025-04-06 13:32:21,419 - INFO - Experiment completed successfully.
2025-04-06 13:32:21,419 - INFO - Generating plots for the experiment results...
2025-04-06 13:32:22,762 - INFO - Plots generated successfully.
2025-04-06 13:32:22,762 - INFO - Application finished successfully.
2025-04-06 13:41:15,317 - INFO - Application started.
2025-04-06 13:41:15,332 - INFO - Starting the experiment...
2025-04-06 13:41:15,344 - INFO - Starting replication 1/10
2025-04-06 13:41:34,557 - INFO - Starting replication 2/10
2025-04-06 13:41:50,897 - INFO - Starting replication 3/10
2025-04-06 13:42:07,020 - INFO - Starting replication 4/10
2025-04-06 13:42:22,893 - INFO - Starting replication 5/10
2025-04-06 13:42:38,133 - INFO - Starting replication 6/10
2025-04-06 13:42:53,935 - INFO - Starting replication 7/10
2025-04-06 13:43:10,432 - INFO - Starting replication 8/10
2025-04-06 13:43:25,834 - INFO - Starting replication 9/10
2025-04-06 13:43:41,992 - INFO - Starting replication 10/10
2025-04-06 13:43:57,569 - INFO - Experiment completed successfully.
2025-04-06 13:43:57,569 - INFO - Generating plots for the experiment results...
2025-04-07 21:55:31,662 - INFO - Application started.
2025-04-07 21:55:31,708 - INFO - Starting the experiment...
2025-04-07 21:55:31,720 - INFO - Starting replication 1/10
2025-04-07 21:55:51,605 - INFO - Starting replication 2/10
2025-04-07 21:56:07,068 - INFO - Starting replication 3/10
2025-04-07 21:56:22,797 - INFO - Starting replication 4/10
2025-04-07 21:56:38,977 - INFO - Starting replication 5/10
2025-04-07 21:56:54,912 - INFO - Starting replication 6/10
2025-04-07 21:57:10,451 - INFO - Starting replication 7/10
2025-04-07 21:57:26,399 - INFO - Starting replication 8/10
2025-04-07 21:57:42,260 - INFO - Starting replication 9/10
2025-04-07 21:57:58,275 - INFO - Starting replication 10/10
2025-04-07 21:58:13,770 - INFO - Experiment completed successfully.
2025-04-07 21:58:13,770 - INFO - Generating plots for the experiment results...
2025-04-07 21:59:43,105 - INFO - Application started.
2025-04-07 21:59:43,120 - INFO - Starting the experiment...
2025-04-07 21:59:43,132 - INFO - Starting replication 1/10
2025-04-07 22:00:03,143 - INFO - Starting replication 2/10
2025-04-07 22:00:18,985 - INFO - Starting replication 3/10
2025-04-07 22:00:34,587 - INFO - Starting replication 4/10
2025-04-07 22:00:50,257 - INFO - Starting replication 5/10
2025-04-07 22:01:06,622 - INFO - Starting replication 6/10
2025-04-07 22:01:22,287 - INFO - Starting replication 7/10
2025-04-07 22:01:38,937 - INFO - Starting replication 8/10
2025-04-07 22:01:54,525 - INFO - Starting replication 9/10
2025-04-07 22:02:10,246 - INFO - Starting replication 10/10
2025-04-07 22:02:26,096 - INFO - Experiment completed successfully.
2025-04-07 22:02:26,096 - INFO - Generating plots for the experiment results...
2025-04-07 22:06:07,554 - INFO - Application started.
2025-04-07 22:06:07,569 - INFO - Starting the experiment...
2025-04-07 22:06:07,580 - INFO - Starting replication 1/10
2025-04-07 22:06:28,984 - INFO - Starting replication 2/10
2025-04-07 22:06:45,616 - INFO - Starting replication 3/10
2025-04-07 22:07:03,065 - INFO - Starting replication 4/10
2025-04-07 22:07:18,618 - INFO - Starting replication 5/10
2025-04-07 22:07:34,691 - INFO - Starting replication 6/10
2025-04-07 22:07:50,604 - INFO - Starting replication 7/10
2025-04-07 22:08:06,191 - INFO - Starting replication 8/10
2025-04-07 22:08:21,583 - INFO - Starting replication 9/10
2025-04-07 22:08:38,306 - INFO - Starting replication 10/10
2025-04-07 22:08:54,830 - INFO - Experiment completed successfully.
2025-04-07 22:08:54,830 - INFO - Generating plots for the experiment results...
2025-04-07 22:11:13,572 - INFO - Application started.
2025-04-07 22:11:13,587 - INFO - Starting the experiment...
2025-04-07 22:11:13,599 - INFO - Starting replication 1/10
2025-04-07 22:11:33,595 - INFO - Starting replication 2/10
2025-04-07 22:11:49,667 - INFO - Starting replication 3/10
2025-04-07 22:12:05,546 - INFO - Starting replication 4/10
2025-04-07 22:12:21,060 - INFO - Starting replication 5/10
2025-04-07 22:12:36,818 - INFO - Starting replication 6/10
2025-04-07 22:12:52,856 - INFO - Starting replication 7/10
2025-04-07 22:13:08,696 - INFO - Starting replication 8/10
2025-04-07 22:13:25,349 - INFO - Starting replication 9/10
2025-04-07 22:13:41,901 - INFO - Starting replication 10/10
2025-04-07 22:13:57,531 - INFO - Experiment completed successfully.
2025-04-07 22:13:57,531 - INFO - Generating plots for the experiment results...
2025-04-07 22:22:01,868 - INFO - Application started.
2025-04-07 22:22:01,882 - INFO - Starting the experiment...
2025-04-07 22:22:01,893 - INFO - Starting replication 1/10
2025-04-07 22:22:22,034 - INFO - Starting replication 2/10
2025-04-07 22:22:37,923 - INFO - Starting replication 3/10
2025-04-07 22:22:53,711 - INFO - Starting replication 4/10
2025-04-07 22:23:09,558 - INFO - Starting replication 5/10
2025-04-07 22:23:25,930 - INFO - Starting replication 6/10
2025-04-07 22:23:43,646 - INFO - Starting replication 7/10
2025-04-07 22:23:59,173 - INFO - Starting replication 8/10
2025-04-07 22:24:14,651 - INFO - Starting replication 9/10
2025-04-07 22:24:30,372 - INFO - Starting replication 10/10
2025-04-07 22:24:46,061 - INFO - Experiment completed successfully.
2025-04-07 22:24:46,061 - INFO - Generating plots for the experiment results...
2025-04-07 22:24:48,752 - INFO - Plots generated successfully.
2025-04-07 22:24:48,752 - INFO - Application finished successfully.
2025-04-07 22:31:50,130 - INFO - Application started.
2025-04-07 22:31:50,147 - INFO - Starting the experiment...
2025-04-07 22:31:50,161 - INFO - Starting replication 1/10
2025-04-07 22:32:13,446 - INFO - Starting replication 2/10
2025-04-07 22:32:33,004 - INFO - Starting replication 3/10
2025-04-07 22:32:51,158 - INFO - Starting replication 4/10
2025-04-07 22:33:09,485 - INFO - Starting replication 5/10
2025-04-07 22:33:27,776 - INFO - Starting replication 6/10
2025-04-07 22:33:45,760 - INFO - Starting replication 7/10
2025-04-07 22:34:04,785 - INFO - Starting replication 8/10
2025-04-07 22:34:25,620 - INFO - Starting replication 9/10
2025-04-07 22:34:44,431 - INFO - Starting replication 10/10
2025-04-07 22:35:02,448 - INFO - Experiment completed successfully.
2025-04-07 22:35:02,448 - INFO - Generating plots for the experiment results...
2025-04-07 22:35:05,125 - INFO - Plots generated successfully.
2025-04-07 22:35:05,125 - INFO - Application finished successfully.
2025-04-08 20:04:58,777 - INFO - Application started.
2025-04-08 20:04:58,810 - INFO - Starting the experiment...
2025-04-08 20:04:58,822 - INFO - Starting replication 1/10
2025-04-08 20:05:20,629 - INFO - Starting replication 2/10
2025-04-08 20:05:42,396 - INFO - Starting replication 3/10
2025-04-08 20:06:01,079 - INFO - Starting replication 4/10
2025-04-08 20:06:20,584 - INFO - Starting replication 5/10
2025-04-08 20:06:36,494 - INFO - Starting replication 6/10
2025-04-08 20:06:52,852 - INFO - Starting replication 7/10
2025-04-08 20:07:08,186 - INFO - Starting replication 8/10
2025-04-08 20:07:23,838 - INFO - Starting replication 9/10
2025-04-08 20:07:39,670 - INFO - Starting replication 10/10
2025-04-08 20:07:55,670 - INFO - Experiment completed successfully.
2025-04-08 20:07:55,670 - INFO - Generating plots for the experiment results...
2025-04-08 20:07:58,574 - INFO - Plots generated successfully.
2025-04-08 20:07:58,574 - INFO - Application finished successfully.
2025-04-08 20:11:01,131 - INFO - Application started.
2025-04-08 20:11:01,145 - INFO - Starting the experiment...
2025-04-08 20:11:01,158 - INFO - Starting replication 1/100
2025-04-08 20:11:21,240 - INFO - Starting replication 2/100
2025-04-08 20:11:37,017 - INFO - Starting replication 3/100
2025-04-08 20:11:52,822 - INFO - Starting replication 4/100
2025-04-08 20:12:08,769 - INFO - Starting replication 5/100
2025-04-08 20:12:24,542 - INFO - Starting replication 6/100
2025-04-08 20:12:40,229 - INFO - Starting replication 7/100
2025-04-08 20:12:56,398 - INFO - Starting replication 8/100
2025-04-08 20:13:11,815 - INFO - Starting replication 9/100
2025-04-08 20:13:28,456 - INFO - Starting replication 10/100
2025-04-08 20:13:44,299 - INFO - Starting replication 11/100
2025-04-08 20:13:59,786 - INFO - Starting replication 12/100
2025-04-08 20:14:15,704 - INFO - Starting replication 13/100
2025-04-08 20:14:32,058 - INFO - Starting replication 14/100
2025-04-08 20:14:47,592 - INFO - Starting replication 15/100
2025-04-08 20:15:04,324 - INFO - Starting replication 16/100
2025-04-08 20:15:20,977 - INFO - Starting replication 17/100
2025-04-08 20:15:37,972 - INFO - Starting replication 18/100
2025-04-08 20:15:54,133 - INFO - Starting replication 19/100
2025-04-08 20:16:10,722 - INFO - Starting replication 20/100
2025-04-08 20:16:26,275 - INFO - Starting replication 21/100
2025-04-08 20:16:42,039 - INFO - Starting replication 22/100
2025-04-08 20:16:57,938 - INFO - Starting replication 23/100
2025-04-08 20:17:13,899 - INFO - Starting replication 24/100
2025-04-08 20:17:30,419 - INFO - Starting replication 25/100
2025-04-08 20:17:46,105 - INFO - Starting replication 26/100
2025-04-08 20:18:03,012 - INFO - Starting replication 27/100
2025-04-08 20:18:24,628 - INFO - Starting replication 28/100
2025-04-08 20:18:45,431 - INFO - Starting replication 29/100
2025-04-08 20:19:07,476 - INFO - Starting replication 30/100
2025-04-08 20:19:30,088 - INFO - Starting replication 31/100
2025-04-08 20:19:52,959 - INFO - Starting replication 32/100
2025-04-08 20:20:16,711 - INFO - Starting replication 33/100
2025-04-08 20:20:36,176 - INFO - Starting replication 34/100
2025-04-08 20:20:57,704 - INFO - Starting replication 35/100
2025-04-08 20:21:19,396 - INFO - Starting replication 36/100
2025-04-08 20:21:41,001 - INFO - Starting replication 37/100
2025-04-08 20:21:59,733 - INFO - Starting replication 38/100
2025-04-08 20:22:15,465 - INFO - Starting replication 39/100
2025-04-08 20:22:31,886 - INFO - Starting replication 40/100
2025-04-08 20:22:49,258 - INFO - Starting replication 41/100
2025-04-08 20:23:06,320 - INFO - Starting replication 42/100
2025-04-08 20:23:27,142 - INFO - Starting replication 43/100
2025-04-08 20:23:43,482 - INFO - Starting replication 44/100
2025-04-08 20:24:00,024 - INFO - Starting replication 45/100
2025-04-08 20:24:16,616 - INFO - Starting replication 46/100
2025-04-08 20:24:33,505 - INFO - Starting replication 47/100
2025-04-08 20:24:49,413 - INFO - Starting replication 48/100
2025-04-08 20:25:06,187 - INFO - Starting replication 49/100
2025-04-08 20:25:22,033 - INFO - Starting replication 50/100
2025-04-08 20:25:39,014 - INFO - Starting replication 51/100
2025-04-08 20:25:55,466 - INFO - Starting replication 52/100
2025-04-08 20:26:11,503 - INFO - Starting replication 53/100
2025-04-08 20:26:27,179 - INFO - Starting replication 54/100
2025-04-08 20:26:43,146 - INFO - Starting replication 55/100
2025-04-08 20:26:59,968 - INFO - Starting replication 56/100
2025-04-08 20:27:15,969 - INFO - Starting replication 57/100
2025-04-08 20:27:33,821 - INFO - Starting replication 58/100
2025-04-08 20:27:52,074 - INFO - Starting replication 59/100
2025-04-08 20:28:09,471 - INFO - Starting replication 60/100
2025-04-08 20:28:26,037 - INFO - Starting replication 61/100
2025-04-08 20:28:42,134 - INFO - Starting replication 62/100
2025-04-08 20:28:58,380 - INFO - Starting replication 63/100
2025-04-08 20:29:14,517 - INFO - Starting replication 64/100
2025-04-08 20:29:30,891 - INFO - Starting replication 65/100
2025-04-08 20:29:48,066 - INFO - Starting replication 66/100
2025-04-08 20:30:03,999 - INFO - Starting replication 67/100
2025-04-08 20:30:20,111 - INFO - Starting replication 68/100
2025-04-08 20:30:36,410 - INFO - Starting replication 69/100
2025-04-08 20:30:52,330 - INFO - Starting replication 70/100
2025-04-08 20:31:08,368 - INFO - Starting replication 71/100
2025-04-08 20:31:24,585 - INFO - Starting replication 72/100
2025-04-08 20:31:40,965 - INFO - Starting replication 73/100
2025-04-08 20:31:56,740 - INFO - Starting replication 74/100
2025-04-08 20:32:12,985 - INFO - Starting replication 75/100
2025-04-08 20:32:29,000 - INFO - Starting replication 76/100
2025-04-08 20:32:44,703 - INFO - Starting replication 77/100
2025-04-08 20:33:00,464 - INFO - Starting replication 78/100
2025-04-08 20:33:16,572 - INFO - Starting replication 79/100
2025-04-08 20:33:33,198 - INFO - Starting replication 80/100
2025-04-08 20:33:49,360 - INFO - Starting replication 81/100
2025-04-08 20:34:05,250 - INFO - Starting replication 82/100
2025-04-08 20:34:21,859 - INFO - Starting replication 83/100
2025-04-08 20:34:37,851 - INFO - Starting replication 84/100
2025-04-08 20:34:53,787 - INFO - Starting replication 85/100
2025-04-08 20:35:09,414 - INFO - Starting replication 86/100
2025-04-08 20:35:25,188 - INFO - Starting replication 87/100
2025-04-08 20:35:42,426 - INFO - Starting replication 88/100
2025-04-08 20:36:00,236 - INFO - Starting replication 89/100
2025-04-08 20:36:17,221 - INFO - Starting replication 90/100
2025-04-08 20:36:32,871 - INFO - Starting replication 91/100
2025-04-08 20:36:48,821 - INFO - Starting replication 92/100
2025-04-08 20:37:06,138 - INFO - Starting replication 93/100
2025-04-08 20:37:22,243 - INFO - Starting replication 94/100
2025-04-08 20:37:38,666 - INFO - Starting replication 95/100
2025-04-08 20:37:55,454 - INFO - Starting replication 96/100
2025-04-08 20:38:11,826 - INFO - Starting replication 97/100
2025-04-08 20:38:28,057 - INFO - Starting replication 98/100
2025-04-08 20:38:44,041 - INFO - Starting replication 99/100
2025-04-08 20:38:59,947 - INFO - Starting replication 100/100
2025-04-08 20:39:16,068 - INFO - Experiment completed successfully.
2025-04-08 20:39:16,069 - INFO - Generating plots for the experiment results...
2025-04-08 20:39:19,284 - INFO - Plots generated successfully.
2025-04-08 20:39:19,284 - INFO - Application finished successfully.
2025-04-09 12:14:26,510 - INFO - Application started.
2025-04-09 12:14:26,553 - INFO - Starting the experiment...
2025-04-09 12:14:26,565 - INFO - Starting replication 1/100
2025-04-09 12:14:51,856 - INFO - Application started.
2025-04-09 12:14:51,870 - INFO - Starting the experiment...
2025-04-09 12:14:51,882 - INFO - Starting replication 1/10
2025-04-09 12:15:10,875 - INFO - Starting replication 2/10
2025-04-09 12:15:26,755 - INFO - Starting replication 3/10
2025-04-09 12:15:42,582 - INFO - Starting replication 4/10
2025-04-09 12:15:59,251 - INFO - Starting replication 5/10
2025-04-09 12:16:15,670 - INFO - Starting replication 6/10
2025-04-09 12:16:31,657 - INFO - Starting replication 7/10
2025-04-09 12:16:47,381 - INFO - Starting replication 8/10
2025-04-09 12:17:03,562 - INFO - Starting replication 9/10
2025-04-09 12:17:19,582 - INFO - Starting replication 10/10
2025-04-09 12:17:34,846 - INFO - Experiment completed successfully.
2025-04-09 12:17:34,847 - INFO - Generating plots for the experiment results...
2025-04-09 12:17:37,766 - INFO - Plots generated successfully.
2025-04-09 12:17:37,766 - INFO - Application finished successfully.
2025-04-09 12:21:09,747 - INFO - Application started.
2025-04-09 12:21:09,762 - INFO - Starting the experiment...
2025-04-09 12:21:09,774 - INFO - Starting replication 1/500
2025-04-09 12:21:29,145 - INFO - Starting replication 2/500
2025-04-09 12:21:44,825 - INFO - Starting replication 3/500
2025-04-09 12:22:00,384 - INFO - Starting replication 4/500
2025-04-09 12:22:16,286 - INFO - Starting replication 5/500
2025-04-09 12:22:32,609 - INFO - Starting replication 6/500
2025-04-09 12:22:48,149 - INFO - Starting replication 7/500
2025-04-09 12:23:04,205 - INFO - Starting replication 8/500
2025-04-09 12:23:19,672 - INFO - Starting replication 9/500
2025-04-09 12:23:35,610 - INFO - Starting replication 10/500
2025-04-09 12:23:51,464 - INFO - Starting replication 11/500
2025-04-09 12:24:07,540 - INFO - Starting replication 12/500
2025-04-09 12:24:23,402 - INFO - Starting replication 13/500
2025-04-09 12:24:39,264 - INFO - Starting replication 14/500
2025-04-09 12:24:54,590 - INFO - Starting replication 15/500
2025-04-09 12:25:10,763 - INFO - Starting replication 16/500
2025-04-09 12:25:27,576 - INFO - Starting replication 17/500
2025-04-09 12:25:43,663 - INFO - Starting replication 18/500
2025-04-09 12:25:59,408 - INFO - Starting replication 19/500
2025-04-09 12:26:15,944 - INFO - Starting replication 20/500
2025-04-09 12:26:31,959 - INFO - Starting replication 21/500
2025-04-09 12:26:48,491 - INFO - Starting replication 22/500
2025-04-09 12:27:04,322 - INFO - Starting replication 23/500
2025-04-09 12:27:21,070 - INFO - Starting replication 24/500
2025-04-09 12:27:36,278 - INFO - Starting replication 25/500
2025-04-09 12:27:52,107 - INFO - Starting replication 26/500
2025-04-09 12:28:08,678 - INFO - Starting replication 27/500
2025-04-09 12:28:24,281 - INFO - Starting replication 28/500
2025-04-09 12:28:39,453 - INFO - Starting replication 29/500
2025-04-09 12:28:56,204 - INFO - Starting replication 30/500
2025-04-09 12:29:12,003 - INFO - Starting replication 31/500
2025-04-09 12:29:27,832 - INFO - Starting replication 32/500
2025-04-09 12:29:43,442 - INFO - Starting replication 33/500
2025-04-09 12:29:58,929 - INFO - Starting replication 34/500
2025-04-09 12:30:15,450 - INFO - Starting replication 35/500
2025-04-09 12:30:31,275 - INFO - Starting replication 36/500
2025-04-09 12:30:46,725 - INFO - Starting replication 37/500
2025-04-09 12:31:02,871 - INFO - Starting replication 38/500
2025-04-09 12:31:20,531 - INFO - Starting replication 39/500
2025-04-09 12:31:40,135 - INFO - Starting replication 40/500
2025-04-09 12:31:58,921 - INFO - Starting replication 41/500
2025-04-09 12:32:15,868 - INFO - Starting replication 42/500
2025-04-09 12:32:34,856 - INFO - Starting replication 43/500
2025-04-09 12:32:56,596 - INFO - Starting replication 44/500
2025-04-09 12:33:15,711 - INFO - Starting replication 45/500
2025-04-09 12:33:32,797 - INFO - Starting replication 46/500
2025-04-09 12:33:50,738 - INFO - Starting replication 47/500
2025-04-09 12:34:07,181 - INFO - Starting replication 48/500
2025-04-09 12:34:24,934 - INFO - Starting replication 49/500
2025-04-09 12:34:42,755 - INFO - Starting replication 50/500
2025-04-09 12:35:00,345 - INFO - Starting replication 51/500
2025-04-09 12:35:16,928 - INFO - Starting replication 52/500
2025-04-09 12:35:34,024 - INFO - Starting replication 53/500
2025-04-09 12:35:55,267 - INFO - Starting replication 54/500
2025-04-09 12:36:13,870 - INFO - Starting replication 55/500
2025-04-09 12:36:31,737 - INFO - Starting replication 56/500
2025-04-09 12:36:48,931 - INFO - Starting replication 57/500
2025-04-09 12:37:05,964 - INFO - Starting replication 58/500
2025-04-09 12:37:22,790 - INFO - Starting replication 59/500
2025-04-09 12:37:41,733 - INFO - Starting replication 60/500
2025-04-09 12:38:01,333 - INFO - Starting replication 61/500
2025-04-09 12:38:19,090 - INFO - Starting replication 62/500
2025-04-09 12:38:36,076 - INFO - Starting replication 63/500
2025-04-09 12:38:55,116 - INFO - Starting replication 64/500
2025-04-09 12:39:13,939 - INFO - Starting replication 65/500
2025-04-09 12:39:32,034 - INFO - Starting replication 66/500
2025-04-09 12:39:49,949 - INFO - Starting replication 67/500
2025-04-09 12:40:07,525 - INFO - Starting replication 68/500
2025-04-09 12:40:25,244 - INFO - Starting replication 69/500
2025-04-09 12:41:03,141 - INFO - Application started.
2025-04-09 12:41:03,159 - INFO - Starting the experiment...
2025-04-09 12:41:03,171 - INFO - Starting replication 1/100
2025-04-09 12:41:23,732 - INFO - Starting replication 2/100
2025-04-09 12:41:39,600 - INFO - Starting replication 3/100
2025-04-09 12:41:55,812 - INFO - Starting replication 4/100
2025-04-09 12:42:11,499 - INFO - Starting replication 5/100
2025-04-09 12:42:28,031 - INFO - Starting replication 6/100
2025-04-09 12:42:43,810 - INFO - Starting replication 7/100
2025-04-09 12:42:59,565 - INFO - Starting replication 8/100
2025-04-09 12:43:15,694 - INFO - Starting replication 9/100
2025-04-09 12:43:31,924 - INFO - Starting replication 10/100
2025-04-09 12:43:47,667 - INFO - Starting replication 11/100
2025-04-09 12:44:03,895 - INFO - Starting replication 12/100
2025-04-09 12:44:20,016 - INFO - Starting replication 13/100
2025-04-09 12:44:36,199 - INFO - Starting replication 14/100
2025-04-09 12:44:52,579 - INFO - Starting replication 15/100
2025-04-09 12:45:09,736 - INFO - Starting replication 16/100
2025-04-09 12:45:29,591 - INFO - Starting replication 17/100
2025-04-09 12:45:51,838 - INFO - Starting replication 18/100
2025-04-09 12:46:16,858 - INFO - Starting replication 19/100
2025-04-09 12:46:40,192 - INFO - Starting replication 20/100
2025-04-09 12:47:06,048 - INFO - Starting replication 21/100
2025-04-09 12:47:29,338 - INFO - Starting replication 22/100
2025-04-09 12:47:51,283 - INFO - Starting replication 23/100
2025-04-09 12:48:13,775 - INFO - Starting replication 24/100
2025-04-09 12:48:36,226 - INFO - Starting replication 25/100
2025-04-09 12:48:59,905 - INFO - Starting replication 26/100
2025-04-09 12:49:22,637 - INFO - Starting replication 27/100
2025-04-09 12:49:44,006 - INFO - Starting replication 28/100
2025-04-09 12:50:05,907 - INFO - Starting replication 29/100
2025-04-09 12:50:27,446 - INFO - Starting replication 30/100
2025-04-09 12:50:49,738 - INFO - Starting replication 31/100
2025-04-09 12:51:12,699 - INFO - Starting replication 32/100
2025-04-09 12:51:35,660 - INFO - Starting replication 33/100
2025-04-09 12:51:57,945 - INFO - Starting replication 34/100
2025-04-09 12:52:19,893 - INFO - Starting replication 35/100
2025-04-09 12:52:41,828 - INFO - Starting replication 36/100
2025-04-09 12:53:03,144 - INFO - Starting replication 37/100
2025-04-09 12:53:26,372 - INFO - Starting replication 38/100
2025-04-09 12:54:12,436 - INFO - Application started.
2025-04-09 12:54:12,454 - INFO - Starting the experiment...
2025-04-09 12:54:12,467 - INFO - Starting replication 1/50
2025-04-09 12:54:38,090 - INFO - Starting replication 2/50
2025-04-09 12:54:59,596 - INFO - Starting replication 3/50
2025-04-09 12:55:26,288 - INFO - Application started.
2025-04-09 12:55:26,304 - INFO - Starting the experiment...
2025-04-09 12:55:26,316 - INFO - Starting replication 1/30
2025-04-09 12:55:52,532 - INFO - Starting replication 2/30
2025-04-09 12:56:14,544 - INFO - Starting replication 3/30
2025-04-09 12:56:39,741 - INFO - Starting replication 4/30
2025-04-09 12:57:02,302 - INFO - Starting replication 5/30
2025-04-09 12:57:24,303 - INFO - Starting replication 6/30
2025-04-09 12:57:46,898 - INFO - Starting replication 7/30
2025-04-09 12:58:08,888 - INFO - Starting replication 8/30
2025-04-09 12:58:30,965 - INFO - Starting replication 9/30
2025-04-09 12:58:47,876 - INFO - Application started.
2025-04-09 12:58:47,892 - INFO - Starting the experiment...
2025-04-09 12:58:47,904 - INFO - Starting replication 1/30
2025-04-09 12:59:14,504 - INFO - Starting replication 2/30
2025-04-09 12:59:36,374 - INFO - Starting replication 3/30
2025-04-09 12:59:58,194 - INFO - Starting replication 4/30
2025-04-09 13:00:21,066 - INFO - Starting replication 5/30
2025-04-09 13:00:45,514 - INFO - Starting replication 6/30
2025-04-09 13:01:11,114 - INFO - Starting replication 7/30
2025-04-09 13:01:21,679 - INFO - Application started.
2025-04-09 13:01:21,692 - INFO - Starting the experiment...
2025-04-09 13:01:21,702 - INFO - Starting replication 1/30
2025-04-09 13:24:45,896 - INFO - Starting replication 2/30
2025-04-09 13:25:13,626 - INFO - Application started.
2025-04-09 13:25:13,641 - INFO - Starting the experiment...
2025-04-09 13:25:13,652 - INFO - Starting replication 1/30
2025-04-09 13:25:34,644 - INFO - Starting replication 2/30
2025-04-09 13:25:50,016 - INFO - Starting replication 3/30
2025-04-09 13:26:06,985 - INFO - Starting replication 4/30
2025-04-09 13:26:24,111 - INFO - Starting replication 5/30
2025-04-09 13:26:40,466 - INFO - Starting replication 6/30
2025-04-09 13:26:56,514 - INFO - Starting replication 7/30
2025-04-09 13:27:12,723 - INFO - Starting replication 8/30
2025-04-09 13:27:28,690 - INFO - Starting replication 9/30
2025-04-09 13:27:44,463 - INFO - Starting replication 10/30
2025-04-09 13:28:01,100 - INFO - Starting replication 11/30
2025-04-09 13:28:16,523 - INFO - Starting replication 12/30
2025-04-09 13:28:32,110 - INFO - Starting replication 13/30
2025-04-09 13:28:49,156 - INFO - Starting replication 14/30
2025-04-09 13:29:05,226 - INFO - Starting replication 15/30
2025-04-09 13:29:21,498 - INFO - Starting replication 16/30
2025-04-09 13:29:37,547 - INFO - Starting replication 17/30
2025-04-09 13:29:52,857 - INFO - Starting replication 18/30
2025-04-09 13:30:08,626 - INFO - Starting replication 19/30
2025-04-09 13:30:24,404 - INFO - Starting replication 20/30
2025-04-09 13:30:40,717 - INFO - Starting replication 21/30
2025-04-09 13:30:56,524 - INFO - Starting replication 22/30
2025-04-09 13:31:13,558 - INFO - Starting replication 23/30
2025-04-09 13:31:29,305 - INFO - Starting replication 24/30
2025-04-09 13:31:45,085 - INFO - Starting replication 25/30
2025-04-09 13:32:00,841 - INFO - Starting replication 26/30
2025-04-09 13:32:16,443 - INFO - Starting replication 27/30
2025-04-09 13:32:32,180 - INFO - Starting replication 28/30
2025-04-09 13:32:47,866 - INFO - Starting replication 29/30
2025-04-09 13:33:04,101 - INFO - Starting replication 30/30
2025-04-09 13:33:20,472 - INFO - Experiment completed successfully.
2025-04-09 13:33:20,472 - INFO - Generating plots for the experiment results...
2025-04-09 13:33:23,415 - INFO - Plots generated successfully.
2025-04-09 13:33:23,415 - INFO - Application finished successfully.
2025-04-09 13:36:40,451 - INFO - Application started.
2025-04-09 13:36:40,466 - INFO - Starting the experiment...
2025-04-09 13:36:40,477 - INFO - Starting replication 1/10
2025-04-09 13:37:00,386 - INFO - Starting replication 2/10
2025-04-09 13:37:16,327 - INFO - Starting replication 3/10
2025-04-09 13:37:31,860 - INFO - Starting replication 4/10
2025-04-09 13:37:48,096 - INFO - Starting replication 5/10
2025-04-09 13:38:06,048 - INFO - Starting replication 6/10
2025-04-09 13:38:23,589 - INFO - Starting replication 7/10
2025-04-09 13:38:42,181 - INFO - Starting replication 8/10
2025-04-09 13:38:59,521 - INFO - Starting replication 9/10
2025-04-09 13:39:15,994 - INFO - Starting replication 10/10
2025-04-09 13:39:33,060 - INFO - Experiment completed successfully.
2025-04-09 13:39:33,060 - INFO - Generating plots for the experiment results...
2025-04-09 13:39:35,810 - INFO - Plots generated successfully.
2025-04-09 13:39:35,810 - INFO - Application finished successfully.
